<?xml version="1.0" encoding="UTF-8"?>
<!-- Generated by org.testng.reporters.JUnitReportReporter -->
<testsuite skipped="0" hostname="MAHESHS" name="RunManager.HybridExecuteTest" tests="1" failures="0" timestamp="09 Mar 2018 13:10:50 GMT" time="794.972" errors="0">
  <testcase name="runManager" time="794.972" classname="RunManager.HybridExecuteTest"/>
</testsuite> <!-- RunManager.HybridExecuteTest -->
